{
  "RSpec": {
    "coverage": {
      "/Users/liamcusack/turing/module_3/sweater-weather/sweater-weather/config/environment.rb": {
        "lines": [
          null,
          1,
          null,
          null,
          1
        ]
      },
      "/Users/liamcusack/turing/module_3/sweater-weather/sweater-weather/config/application.rb": {
        "lines": [
          1,
          null,
          1,
          null,
          1,
          1,
          1,
          1,
          1,
          1,
          1,
          1,
          null,
          1,
          null,
          null,
          null,
          1,
          null,
          1,
          1,
          null,
          1,
          null,
          null,
          null,
          null,
          null,
          null,
          null,
          null,
          null,
          1,
          null,
          null
        ]
      },
      "/Users/liamcusack/turing/module_3/sweater-weather/sweater-weather/config/boot.rb": {
        "lines": [
          1,
          null,
          1,
          1
        ]
      },
      "/Users/liamcusack/turing/module_3/sweater-weather/sweater-weather/config/environments/test.rb": {
        "lines": [
          1,
          null,
          null,
          null,
          null,
          null,
          null,
          1,
          null,
          null,
          null,
          null,
          1,
          null,
          null,
          1,
          1,
          null,
          null,
          null,
          null,
          1,
          1,
          null,
          null,
          1,
          null,
          null,
          1,
          null,
          null,
          1,
          null,
          1,
          null,
          null,
          null,
          null,
          1,
          null,
          null,
          1,
          null,
          null,
          null,
          null
        ]
      },
      "/Users/liamcusack/turing/module_3/sweater-weather/sweater-weather/config/initializers/application_controller_renderer.rb": {
        "lines": [
          null,
          null,
          null,
          null,
          null,
          null,
          null,
          null
        ]
      },
      "/Users/liamcusack/turing/module_3/sweater-weather/sweater-weather/config/initializers/backtrace_silencers.rb": {
        "lines": [
          null,
          null,
          null,
          null,
          null,
          null,
          null
        ]
      },
      "/Users/liamcusack/turing/module_3/sweater-weather/sweater-weather/config/initializers/cors.rb": {
        "lines": [
          null,
          null,
          null,
          null,
          null,
          null,
          null,
          null,
          null,
          null,
          null,
          null,
          null,
          null,
          null,
          null
        ]
      },
      "/Users/liamcusack/turing/module_3/sweater-weather/sweater-weather/config/initializers/filter_parameter_logging.rb": {
        "lines": [
          null,
          null,
          null,
          1
        ]
      },
      "/Users/liamcusack/turing/module_3/sweater-weather/sweater-weather/config/initializers/inflections.rb": {
        "lines": [
          null,
          null,
          null,
          null,
          null,
          null,
          null,
          null,
          null,
          null,
          null,
          null,
          null,
          null,
          null,
          null
        ]
      },
      "/Users/liamcusack/turing/module_3/sweater-weather/sweater-weather/config/initializers/mime_types.rb": {
        "lines": [
          null,
          null,
          null,
          null
        ]
      },
      "/Users/liamcusack/turing/module_3/sweater-weather/sweater-weather/config/initializers/wrap_parameters.rb": {
        "lines": [
          null,
          null,
          null,
          null,
          null,
          null,
          1,
          2,
          null,
          null,
          null,
          null,
          null,
          null
        ]
      },
      "/Users/liamcusack/turing/module_3/sweater-weather/sweater-weather/spec/factories/users.rb": {
        "lines": [
          1,
          1,
          1,
          1,
          1,
          null,
          null
        ]
      },
      "/Users/liamcusack/turing/module_3/sweater-weather/sweater-weather/config/routes.rb": {
        "lines": [
          1,
          null,
          1,
          1,
          1,
          1,
          1,
          1,
          1,
          1,
          1,
          null,
          null,
          null
        ]
      },
      "/Users/liamcusack/turing/module_3/sweater-weather/sweater-weather/app/facades/backgrounds_facade.rb": {
        "lines": [
          1,
          1,
          null,
          1,
          2,
          2,
          null,
          null,
          null
        ]
      },
      "/Users/liamcusack/turing/module_3/sweater-weather/sweater-weather/spec/facades/forecast_facade_spec.rb": {
        "lines": [
          1,
          null,
          1,
          1,
          1,
          9,
          9,
          9,
          9,
          9,
          9,
          9,
          null,
          1,
          null,
          1,
          1,
          1,
          1,
          null,
          null,
          1,
          null,
          1,
          1,
          1,
          null,
          null,
          1,
          null,
          1,
          1,
          1,
          1,
          1,
          1,
          1,
          1,
          1,
          null,
          null,
          1,
          null,
          1,
          null,
          null,
          1,
          1,
          null,
          1,
          null,
          null,
          1,
          1,
          null,
          1,
          null,
          null,
          1,
          null,
          1,
          null,
          null,
          1,
          null,
          1,
          5,
          null,
          null,
          null,
          1,
          null,
          1,
          8,
          null,
          null,
          null,
          null
        ]
      },
      "/Users/liamcusack/turing/module_3/sweater-weather/sweater-weather/app/facades/forecast_facade.rb": {
        "lines": [
          1,
          1,
          null,
          1,
          22,
          null,
          null,
          1,
          22,
          null,
          null,
          1,
          22,
          null,
          null,
          1,
          11,
          11,
          11,
          11,
          null,
          null,
          1,
          12,
          12,
          12,
          12,
          null,
          null,
          1,
          13,
          null,
          null,
          1,
          21,
          null,
          null,
          1,
          21,
          105,
          null,
          null,
          null,
          1,
          21,
          168,
          null,
          null,
          null,
          null,
          null
        ]
      },
      "/Users/liamcusack/turing/module_3/sweater-weather/sweater-weather/spec/facades/road_trip_facade_spec.rb": {
        "lines": [
          1,
          null,
          1,
          1,
          1,
          1,
          null,
          1,
          null,
          null,
          null
        ]
      },
      "/Users/liamcusack/turing/module_3/sweater-weather/sweater-weather/app/facades/road_trip_facade.rb": {
        "lines": [
          1,
          1,
          1,
          3,
          null,
          null,
          1,
          2,
          2,
          2,
          2,
          8,
          null,
          2,
          2,
          null,
          null,
          1,
          3,
          3,
          2,
          null,
          1,
          1,
          null,
          null,
          null,
          null
        ]
      },
      "/Users/liamcusack/turing/module_3/sweater-weather/sweater-weather/spec/models/user_spec.rb": {
        "lines": [
          1,
          null,
          1,
          1,
          2,
          2,
          2,
          null,
          null
        ]
      },
      "/Users/liamcusack/turing/module_3/sweater-weather/sweater-weather/app/models/user.rb": {
        "lines": [
          1,
          1,
          1,
          null,
          1,
          null,
          null,
          1,
          null
        ]
      },
      "/Users/liamcusack/turing/module_3/sweater-weather/sweater-weather/app/models/application_record.rb": {
        "lines": [
          1,
          1,
          null
        ]
      },
      "/Users/liamcusack/turing/module_3/sweater-weather/sweater-weather/spec/poros/background_spec.rb": {
        "lines": [
          1,
          null,
          1,
          1,
          1,
          1,
          null,
          1,
          1,
          1,
          1,
          null,
          null
        ]
      },
      "/Users/liamcusack/turing/module_3/sweater-weather/sweater-weather/app/poros/background.rb": {
        "lines": [
          1,
          1,
          null,
          1,
          3,
          3,
          3,
          3,
          null,
          null
        ]
      },
      "/Users/liamcusack/turing/module_3/sweater-weather/sweater-weather/spec/poros/road_trip_spec.rb": {
        "lines": [
          1,
          null,
          1,
          1,
          1,
          null,
          1,
          1,
          1,
          1,
          1,
          null,
          null
        ]
      },
      "/Users/liamcusack/turing/module_3/sweater-weather/sweater-weather/app/poros/road_trip.rb": {
        "lines": [
          1,
          1,
          null,
          1,
          4,
          4,
          4,
          4,
          4,
          null,
          null
        ]
      },
      "/Users/liamcusack/turing/module_3/sweater-weather/sweater-weather/spec/requests/api/v1/backgrounds_spec.rb": {
        "lines": [
          1,
          null,
          1,
          1,
          1,
          1,
          1,
          null,
          1,
          1,
          null,
          1,
          1,
          1,
          1,
          1,
          1,
          1,
          1,
          1,
          null,
          null,
          null,
          1,
          1,
          1,
          null,
          1,
          null,
          null,
          null
        ]
      },
      "/Users/liamcusack/turing/module_3/sweater-weather/sweater-weather/spec/requests/api/v1/forecast_spec.rb": {
        "lines": [
          1,
          null,
          1,
          1,
          1,
          1,
          1,
          null,
          1,
          1,
          null,
          1,
          1,
          1,
          1,
          1,
          1,
          1,
          1,
          1,
          null,
          null,
          1,
          1,
          1,
          null,
          1,
          null,
          null,
          1,
          1,
          null,
          1,
          null,
          1,
          1,
          1,
          null,
          null,
          null
        ]
      },
      "/Users/liamcusack/turing/module_3/sweater-weather/sweater-weather/spec/requests/api/v1/road_trip_spec.rb": {
        "lines": [
          1,
          null,
          1,
          1,
          1,
          2,
          null,
          null,
          null,
          null,
          2,
          null,
          2,
          null,
          2,
          null,
          null,
          1,
          1,
          null,
          null,
          null,
          null,
          1,
          null,
          1,
          null,
          1,
          null,
          1,
          1,
          1,
          1,
          1,
          1,
          1,
          1,
          1,
          1,
          1,
          1,
          1,
          1,
          1,
          1,
          1,
          null,
          null,
          1,
          1,
          null,
          null,
          null,
          null,
          1,
          null,
          1,
          null,
          1,
          null,
          1,
          1,
          1,
          1,
          1,
          1,
          1,
          1,
          1,
          1,
          1,
          1,
          1,
          null,
          null,
          1,
          1,
          3,
          null,
          null,
          null,
          null,
          3,
          null,
          3,
          null,
          3,
          null,
          null,
          1,
          1,
          null,
          null,
          null,
          null,
          1,
          null,
          1,
          null,
          1,
          null,
          1,
          1,
          1,
          null,
          null,
          1,
          1,
          null,
          null,
          null,
          null,
          1,
          null,
          1,
          null,
          1,
          null,
          1,
          1,
          1,
          null,
          null,
          1,
          1,
          1,
          null,
          1,
          1,
          1,
          null,
          null,
          null
        ]
      },
      "/Users/liamcusack/turing/module_3/sweater-weather/sweater-weather/spec/requests/api/v1/sessions_spec.rb": {
        "lines": [
          1,
          null,
          1,
          1,
          1,
          1,
          null,
          null,
          null,
          null,
          1,
          null,
          1,
          null,
          1,
          null,
          null,
          1,
          1,
          null,
          null,
          null,
          1,
          null,
          1,
          1,
          null,
          1,
          1,
          1,
          1,
          1,
          1,
          1,
          1,
          1,
          1,
          null,
          null,
          1,
          1,
          1,
          null,
          null,
          null,
          null,
          1,
          null,
          1,
          null,
          1,
          null,
          null,
          1,
          1,
          null,
          null,
          null,
          1,
          null,
          1,
          1,
          null,
          1,
          1,
          1,
          null,
          null,
          null
        ]
      },
      "/Users/liamcusack/turing/module_3/sweater-weather/sweater-weather/spec/requests/api/v1/users_spec.rb": {
        "lines": [
          1,
          null,
          1,
          1,
          1,
          1,
          null,
          null,
          null,
          null,
          1,
          null,
          1,
          1,
          null,
          1,
          1,
          1,
          1,
          1,
          1,
          1,
          1,
          1,
          1,
          null,
          null,
          1,
          1,
          1,
          null,
          null,
          null,
          null,
          1,
          null,
          1,
          null,
          1,
          null,
          1,
          1,
          1,
          null,
          null,
          1,
          1,
          null,
          null,
          null,
          null,
          1,
          null,
          null,
          null,
          null,
          1,
          null,
          1,
          1,
          null,
          1,
          null,
          1,
          1,
          1,
          null,
          null,
          1,
          1,
          null,
          null,
          null,
          null,
          1,
          null,
          1,
          null,
          1,
          null,
          1,
          1,
          1,
          null,
          null,
          1,
          1,
          null,
          null,
          null,
          null,
          1,
          null,
          1,
          null,
          1,
          null,
          1,
          1,
          1,
          null,
          null,
          1,
          1,
          1,
          null,
          1,
          1,
          1,
          null,
          null,
          null
        ]
      },
      "/Users/liamcusack/turing/module_3/sweater-weather/sweater-weather/spec/services/mapquest_service_spec.rb": {
        "lines": [
          1,
          null,
          1,
          1,
          1,
          1,
          null,
          1,
          1,
          1,
          1,
          1,
          1,
          1,
          null,
          null,
          1,
          1,
          null,
          1,
          1,
          1,
          null,
          null,
          null
        ]
      },
      "/Users/liamcusack/turing/module_3/sweater-weather/sweater-weather/app/services/mapquest_service.rb": {
        "lines": [
          1,
          1,
          null,
          1,
          23,
          23,
          23,
          null,
          23,
          null,
          null,
          1,
          4,
          4,
          4,
          4,
          null,
          4,
          null,
          null,
          1,
          null,
          1,
          27,
          null,
          null,
          1,
          27,
          null,
          null,
          null
        ]
      },
      "/Users/liamcusack/turing/module_3/sweater-weather/sweater-weather/spec/services/open_weather_service_spec.rb": {
        "lines": [
          1,
          null,
          1,
          1,
          1,
          1,
          null,
          1,
          1,
          1,
          1,
          1,
          1,
          1,
          1,
          1,
          1,
          1,
          1,
          1,
          1,
          1,
          1,
          1,
          1,
          1,
          1,
          1,
          1,
          1,
          1,
          1,
          1,
          1,
          1,
          1,
          1,
          1,
          1,
          1,
          1,
          1,
          1,
          1,
          1,
          1,
          1,
          1,
          1,
          1,
          1,
          null,
          null,
          null
        ]
      },
      "/Users/liamcusack/turing/module_3/sweater-weather/sweater-weather/app/services/open_weather_service.rb": {
        "lines": [
          1,
          1,
          null,
          1,
          23,
          23,
          23,
          23,
          23,
          null,
          23,
          null,
          null,
          1,
          null,
          1,
          23,
          null,
          null,
          1,
          23,
          null,
          null,
          null
        ]
      },
      "/Users/liamcusack/turing/module_3/sweater-weather/sweater-weather/spec/services/unsplash_service_spec.rb": {
        "lines": [
          1,
          null,
          1,
          1,
          1,
          1,
          null,
          1,
          1,
          1,
          1,
          1,
          1,
          1,
          null,
          null,
          null
        ]
      },
      "/Users/liamcusack/turing/module_3/sweater-weather/sweater-weather/app/services/unsplash_service.rb": {
        "lines": [
          1,
          1,
          null,
          1,
          4,
          4,
          4,
          4,
          null,
          4,
          null,
          null,
          1,
          null,
          1,
          4,
          null,
          null,
          1,
          4,
          null,
          null,
          null
        ]
      },
      "/Users/liamcusack/turing/module_3/sweater-weather/sweater-weather/app/poros/current_weather.rb": {
        "lines": [
          1,
          1,
          null,
          1,
          21,
          21,
          21,
          21,
          21,
          21,
          21,
          21,
          21,
          21,
          null,
          null
        ]
      },
      "/Users/liamcusack/turing/module_3/sweater-weather/sweater-weather/app/poros/daily_weather.rb": {
        "lines": [
          1,
          1,
          null,
          1,
          105,
          105,
          105,
          105,
          105,
          105,
          105,
          null,
          null
        ]
      },
      "/Users/liamcusack/turing/module_3/sweater-weather/sweater-weather/app/poros/hourly_weather.rb": {
        "lines": [
          1,
          1,
          null,
          1,
          168,
          168,
          168,
          168,
          null,
          null
        ]
      },
      "/Users/liamcusack/turing/module_3/sweater-weather/sweater-weather/app/poros/forecast.rb": {
        "lines": [
          1,
          1,
          null,
          1,
          13,
          13,
          13,
          13,
          null,
          null
        ]
      },
      "/Users/liamcusack/turing/module_3/sweater-weather/sweater-weather/app/controllers/api/v1/backgrounds_controller.rb": {
        "lines": [
          1,
          1,
          2,
          1,
          null,
          1,
          null,
          1,
          null,
          null,
          null
        ]
      },
      "/Users/liamcusack/turing/module_3/sweater-weather/sweater-weather/app/controllers/application_controller.rb": {
        "lines": [
          1,
          1,
          1,
          1,
          1,
          null,
          1,
          6,
          1,
          5,
          1,
          4,
          1,
          3,
          1,
          2,
          1,
          null,
          1,
          null,
          null,
          null,
          1,
          1,
          null,
          null,
          1,
          19,
          2,
          null,
          null,
          null
        ]
      },
      "/Users/liamcusack/turing/module_3/sweater-weather/sweater-weather/app/serializers/backgrounds_serializer.rb": {
        "lines": [
          1,
          1,
          null,
          1,
          null
        ]
      },
      "/Users/liamcusack/turing/module_3/sweater-weather/sweater-weather/app/controllers/api/v1/forecast_controller.rb": {
        "lines": [
          1,
          1,
          3,
          2,
          null,
          2,
          1,
          1,
          null,
          null,
          null
        ]
      },
      "/Users/liamcusack/turing/module_3/sweater-weather/sweater-weather/app/serializers/forecast_serializer.rb": {
        "lines": [
          1,
          1,
          null,
          1,
          null
        ]
      },
      "/Users/liamcusack/turing/module_3/sweater-weather/sweater-weather/app/controllers/api/v1/users_controller.rb": {
        "lines": [
          1,
          1,
          null,
          1,
          13,
          13,
          9,
          null,
          4,
          null,
          null,
          null,
          1,
          null,
          1,
          13,
          null,
          null
        ]
      },
      "/Users/liamcusack/turing/module_3/sweater-weather/sweater-weather/app/serializers/users_serializer.rb": {
        "lines": [
          1,
          1,
          null,
          1,
          null
        ]
      },
      "/Users/liamcusack/turing/module_3/sweater-weather/sweater-weather/app/controllers/api/v1/road_trip_controller.rb": {
        "lines": [
          1,
          1,
          null,
          1,
          4,
          4,
          2,
          2,
          2,
          1,
          null,
          1,
          null,
          null,
          null,
          1,
          null,
          1,
          4,
          null,
          null
        ]
      },
      "/Users/liamcusack/turing/module_3/sweater-weather/sweater-weather/app/serializers/road_trip_serializer.rb": {
        "lines": [
          1,
          1,
          null,
          1,
          null
        ]
      },
      "/Users/liamcusack/turing/module_3/sweater-weather/sweater-weather/app/controllers/api/v1/sessions_controller.rb": {
        "lines": [
          1,
          1,
          2,
          null,
          2,
          1,
          1,
          null,
          1,
          null,
          null,
          null
        ]
      }
    },
    "timestamp": 1615388544
  }
}
