{
  "RSpec": {
    "coverage": {
      "/Users/liamcusack/turing/module_3/sweater-weather/sweater-weather/config/environment.rb": {
        "lines": [
          null,
          1,
          null,
          null,
          1
        ]
      },
      "/Users/liamcusack/turing/module_3/sweater-weather/sweater-weather/config/application.rb": {
        "lines": [
          1,
          null,
          1,
          null,
          1,
          1,
          1,
          1,
          1,
          1,
          1,
          1,
          null,
          1,
          null,
          null,
          null,
          1,
          null,
          1,
          1,
          null,
          1,
          null,
          null,
          null,
          null,
          null,
          null,
          null,
          null,
          null,
          1,
          null,
          null
        ]
      },
      "/Users/liamcusack/turing/module_3/sweater-weather/sweater-weather/config/boot.rb": {
        "lines": [
          1,
          null,
          1,
          1
        ]
      },
      "/Users/liamcusack/turing/module_3/sweater-weather/sweater-weather/config/environments/test.rb": {
        "lines": [
          1,
          null,
          null,
          null,
          null,
          null,
          null,
          1,
          null,
          null,
          null,
          null,
          1,
          null,
          null,
          1,
          1,
          null,
          null,
          null,
          null,
          1,
          1,
          null,
          null,
          1,
          null,
          null,
          1,
          null,
          null,
          1,
          null,
          1,
          null,
          null,
          null,
          null,
          1,
          null,
          null,
          1,
          null,
          null,
          null,
          null
        ]
      },
      "/Users/liamcusack/turing/module_3/sweater-weather/sweater-weather/config/initializers/application_controller_renderer.rb": {
        "lines": [
          null,
          null,
          null,
          null,
          null,
          null,
          null,
          null
        ]
      },
      "/Users/liamcusack/turing/module_3/sweater-weather/sweater-weather/config/initializers/backtrace_silencers.rb": {
        "lines": [
          null,
          null,
          null,
          null,
          null,
          null,
          null
        ]
      },
      "/Users/liamcusack/turing/module_3/sweater-weather/sweater-weather/config/initializers/cors.rb": {
        "lines": [
          null,
          null,
          null,
          null,
          null,
          null,
          null,
          null,
          null,
          null,
          null,
          null,
          null,
          null,
          null,
          null
        ]
      },
      "/Users/liamcusack/turing/module_3/sweater-weather/sweater-weather/config/initializers/filter_parameter_logging.rb": {
        "lines": [
          null,
          null,
          null,
          1
        ]
      },
      "/Users/liamcusack/turing/module_3/sweater-weather/sweater-weather/config/initializers/inflections.rb": {
        "lines": [
          null,
          null,
          null,
          null,
          null,
          null,
          null,
          null,
          null,
          null,
          null,
          null,
          null,
          null,
          null,
          null
        ]
      },
      "/Users/liamcusack/turing/module_3/sweater-weather/sweater-weather/config/initializers/mime_types.rb": {
        "lines": [
          null,
          null,
          null,
          null
        ]
      },
      "/Users/liamcusack/turing/module_3/sweater-weather/sweater-weather/config/initializers/wrap_parameters.rb": {
        "lines": [
          null,
          null,
          null,
          null,
          null,
          null,
          1,
          2,
          null,
          null,
          null,
          null,
          null,
          null
        ]
      },
      "/Users/liamcusack/turing/module_3/sweater-weather/sweater-weather/config/routes.rb": {
        "lines": [
          1,
          null,
          1,
          1,
          1,
          1,
          null,
          null,
          null
        ]
      },
      "/Users/liamcusack/turing/module_3/sweater-weather/sweater-weather/app/controllers/api/v1/forecast_controller.rb": {
        "lines": [
          1,
          1,
          1,
          1,
          1,
          null,
          null,
          null
        ]
      },
      "/Users/liamcusack/turing/module_3/sweater-weather/sweater-weather/app/controllers/application_controller.rb": {
        "lines": [
          1,
          null
        ]
      },
      "/Users/liamcusack/turing/module_3/sweater-weather/sweater-weather/app/facades/forecast_facade.rb": {
        "lines": [
          1,
          1,
          null,
          1,
          1,
          null,
          null,
          1,
          1,
          null,
          null,
          1,
          1,
          null,
          null,
          1,
          1,
          1,
          1,
          1,
          null,
          null,
          1,
          1,
          1,
          1,
          1,
          null,
          null,
          1,
          1,
          null,
          null,
          1,
          1,
          null,
          null,
          1,
          1,
          5,
          null,
          null,
          null,
          1,
          1,
          8,
          null,
          null,
          null,
          null,
          null
        ]
      },
      "/Users/liamcusack/turing/module_3/sweater-weather/sweater-weather/app/services/forecast_service.rb": {
        "lines": [
          1,
          1,
          1,
          1,
          1,
          1,
          null,
          1,
          null,
          null,
          1,
          1,
          1,
          1,
          1,
          1,
          null,
          1,
          null,
          null,
          1,
          null,
          1,
          1,
          null,
          null,
          1,
          1,
          null,
          null,
          1,
          2,
          null,
          null,
          null
        ]
      },
      "/Users/liamcusack/turing/module_3/sweater-weather/sweater-weather/app/poros/current_weather.rb": {
        "lines": [
          1,
          1,
          null,
          1,
          1,
          1,
          1,
          1,
          1,
          1,
          1,
          1,
          1,
          1,
          null,
          null
        ]
      },
      "/Users/liamcusack/turing/module_3/sweater-weather/sweater-weather/app/poros/daily_weather.rb": {
        "lines": [
          1,
          1,
          null,
          1,
          5,
          5,
          5,
          5,
          5,
          5,
          5,
          null,
          null
        ]
      },
      "/Users/liamcusack/turing/module_3/sweater-weather/sweater-weather/app/poros/hourly_weather.rb": {
        "lines": [
          1,
          1,
          null,
          1,
          8,
          8,
          8,
          8,
          null,
          null
        ]
      },
      "/Users/liamcusack/turing/module_3/sweater-weather/sweater-weather/app/poros/forecast.rb": {
        "lines": [
          1,
          1,
          null,
          1,
          1,
          1,
          1,
          1,
          null,
          null
        ]
      },
      "/Users/liamcusack/turing/module_3/sweater-weather/sweater-weather/app/serializers/forecast_serializer.rb": {
        "lines": [
          1,
          1,
          null,
          1,
          null
        ]
      }
    },
    "timestamp": 1615226241
  }
}
